Starting Parameter Estimation
Input parameter file:  param-defaults/arrhenius-param.csv
Output parameter estimate file:  mcmc-results/arrhenius-3.Rda

Number of Chains:  5
Max Iterations per Chain:  150000
Burn Iterations / Estimate Iterations:  70000  /  80000

Chain 1 of  5
Start Chain Time: Fri Mar 22 17:52:44 2019
Iteration:  10000 55.91 % accepted at  Fri Mar 22 17:53:53 2019
Iteration:  20000 57.04 % accepted at  Fri Mar 22 17:55:01 2019
Iteration:  30000 58.47 % accepted at  Fri Mar 22 17:56:10 2019
Iteration:  40000 57.13 % accepted at  Fri Mar 22 17:57:21 2019
Iteration:  50000 57.72 % accepted at  Fri Mar 22 17:58:31 2019
Iteration:  60000 56.75 % accepted at  Fri Mar 22 17:59:42 2019
Iteration:  70000 58.38 % accepted at  Fri Mar 22 18:00:52 2019
Iteration:  80000 57.28 % accepted at  Fri Mar 22 18:02:01 2019
Iteration:  90000 57.25 % accepted at  Fri Mar 22 18:03:09 2019
Iteration:  1e+05 57.28 % accepted at  Fri Mar 22 18:04:17 2019
Iteration:  110000 58.17 % accepted at  Fri Mar 22 18:05:26 2019
Iteration:  120000 57.96 % accepted at  Fri Mar 22 18:06:33 2019
Iteration:  130000 57.39 % accepted at  Fri Mar 22 18:07:41 2019
Iteration:  140000 57.99 % accepted at  Fri Mar 22 18:08:50 2019
Iteration:  150000 57.01 % accepted at  Fri Mar 22 18:09:59 2019

Max LL of chain:  -764.821

Parameter values:
Parameter Estimated CurrentValue Knob
soilRespMoistEffect	FALSE	1	1
baseSoilResp	TRUE	104.374	0.016
activationEnergy	TRUE	6864.002	1

End Chain Time: Fri Mar 22 18:09:59 2019
***********************
Chain 2 of  5
Start Chain Time: Fri Mar 22 18:09:59 2019
Iteration:  10000 55.67 % accepted at  Fri Mar 22 18:11:06 2019
Iteration:  20000 57.56 % accepted at  Fri Mar 22 18:12:14 2019
Iteration:  30000 57.68 % accepted at  Fri Mar 22 18:13:22 2019
Iteration:  40000 56.63 % accepted at  Fri Mar 22 18:14:31 2019
Iteration:  50000 57.35 % accepted at  Fri Mar 22 18:15:41 2019
Iteration:  60000 57.8 % accepted at  Fri Mar 22 18:16:52 2019
Iteration:  70000 57.38 % accepted at  Fri Mar 22 18:18:01 2019
Iteration:  80000 57.06 % accepted at  Fri Mar 22 18:19:11 2019
Iteration:  90000 57.48 % accepted at  Fri Mar 22 18:20:21 2019
Iteration:  1e+05 58.32 % accepted at  Fri Mar 22 18:21:30 2019
Iteration:  110000 57.68 % accepted at  Fri Mar 22 18:22:40 2019
Iteration:  120000 56.77 % accepted at  Fri Mar 22 18:23:50 2019
Iteration:  130000 57.25 % accepted at  Fri Mar 22 18:24:58 2019
Iteration:  140000 57.06 % accepted at  Fri Mar 22 18:26:07 2019
Iteration:  150000 57.71 % accepted at  Fri Mar 22 18:27:17 2019

Max LL of chain:  -766.734

Parameter values:
Parameter Estimated CurrentValue Knob
soilRespMoistEffect	FALSE	1	1
baseSoilResp	TRUE	106.1	0.016
activationEnergy	TRUE	420.859	1

End Chain Time: Fri Mar 22 18:27:17 2019
***********************
Chain 3 of  5
Start Chain Time: Fri Mar 22 18:27:17 2019
Iteration:  10000 55.54 % accepted at  Fri Mar 22 18:28:26 2019
Iteration:  20000 57.22 % accepted at  Fri Mar 22 18:29:34 2019
Iteration:  30000 57.07 % accepted at  Fri Mar 22 18:30:42 2019
Iteration:  40000 57.53 % accepted at  Fri Mar 22 18:31:50 2019
Iteration:  50000 57.95 % accepted at  Fri Mar 22 18:32:58 2019
Iteration:  60000 57.65 % accepted at  Fri Mar 22 18:34:06 2019
Iteration:  70000 57.56 % accepted at  Fri Mar 22 18:35:15 2019
Iteration:  80000 57.83 % accepted at  Fri Mar 22 18:36:22 2019
Iteration:  90000 57.72 % accepted at  Fri Mar 22 18:37:29 2019
Iteration:  1e+05 57.75 % accepted at  Fri Mar 22 18:38:37 2019
Iteration:  110000 57.39 % accepted at  Fri Mar 22 18:39:45 2019
Iteration:  120000 57.75 % accepted at  Fri Mar 22 18:40:54 2019
Iteration:  130000 57.56 % accepted at  Fri Mar 22 18:42:02 2019
Iteration:  140000 58.02 % accepted at  Fri Mar 22 18:43:10 2019
Iteration:  150000 58.08 % accepted at  Fri Mar 22 18:44:18 2019

Max LL of chain:  -763.448

Parameter values:
Parameter Estimated CurrentValue Knob
soilRespMoistEffect	FALSE	1	1
baseSoilResp	TRUE	106.171	0.019
activationEnergy	TRUE	1282.501	1

End Chain Time: Fri Mar 22 18:44:18 2019
***********************
Chain 4 of  5
Start Chain Time: Fri Mar 22 18:44:18 2019
Iteration:  10000 55.43 % accepted at  Fri Mar 22 18:45:25 2019
Iteration:  20000 57.5 % accepted at  Fri Mar 22 18:46:31 2019
Iteration:  30000 56.83 % accepted at  Fri Mar 22 18:47:38 2019
Iteration:  40000 57.81 % accepted at  Fri Mar 22 18:48:46 2019
Iteration:  50000 56.88 % accepted at  Fri Mar 22 18:49:55 2019
Iteration:  60000 57.51 % accepted at  Fri Mar 22 18:51:04 2019
Iteration:  70000 58.1 % accepted at  Fri Mar 22 18:52:13 2019
Iteration:  80000 58.22 % accepted at  Fri Mar 22 18:53:22 2019
Iteration:  90000 56.48 % accepted at  Fri Mar 22 18:54:31 2019
Iteration:  1e+05 57.56 % accepted at  Fri Mar 22 18:55:41 2019
Iteration:  110000 57.98 % accepted at  Fri Mar 22 18:56:51 2019
Iteration:  120000 57.42 % accepted at  Fri Mar 22 18:58:01 2019
Iteration:  130000 57.37 % accepted at  Fri Mar 22 18:59:10 2019
Iteration:  140000 57.44 % accepted at  Fri Mar 22 19:00:19 2019
Iteration:  150000 57.41 % accepted at  Fri Mar 22 19:01:28 2019

Max LL of chain:  -763.722

Parameter values:
Parameter Estimated CurrentValue Knob
soilRespMoistEffect	FALSE	1	1
baseSoilResp	TRUE	103.568	0.014
activationEnergy	TRUE	880.839	1

End Chain Time: Fri Mar 22 19:01:28 2019
***********************
Chain 5 of  5
Start Chain Time: Fri Mar 22 19:01:28 2019
Iteration:  10000 55.64 % accepted at  Fri Mar 22 19:02:37 2019
Iteration:  20000 58.25 % accepted at  Fri Mar 22 19:03:46 2019
Iteration:  30000 57.53 % accepted at  Fri Mar 22 19:04:55 2019
Iteration:  40000 57.86 % accepted at  Fri Mar 22 19:06:03 2019
Iteration:  50000 57.57 % accepted at  Fri Mar 22 19:07:12 2019
Iteration:  60000 57.62 % accepted at  Fri Mar 22 19:08:20 2019
Iteration:  70000 57.91 % accepted at  Fri Mar 22 19:09:30 2019
Iteration:  80000 56.91 % accepted at  Fri Mar 22 19:10:38 2019
Iteration:  90000 57.01 % accepted at  Fri Mar 22 19:11:46 2019
Iteration:  1e+05 57.52 % accepted at  Fri Mar 22 19:12:56 2019
Iteration:  110000 56.97 % accepted at  Fri Mar 22 19:14:03 2019
Iteration:  120000 56.92 % accepted at  Fri Mar 22 19:15:11 2019
Iteration:  130000 57.15 % accepted at  Fri Mar 22 19:16:19 2019
Iteration:  140000 57.51 % accepted at  Fri Mar 22 19:17:28 2019
Iteration:  150000 56.77 % accepted at  Fri Mar 22 19:18:36 2019

Max LL of chain:  -763.128

Parameter values:
Parameter Estimated CurrentValue Knob
soilRespMoistEffect	FALSE	1	1
baseSoilResp	TRUE	107.417	0.013
activationEnergy	TRUE	1707.536	1

End Chain Time: Fri Mar 22 19:18:36 2019
***********************
Starting parameter estimation from maxLL parameters from chain:  5

Start Chain Time: Fri Mar 22 19:18:36 2019
End Chain Time: Fri Mar 22 19:28:19 2019
Burn chain acceptance:  61.02 % accepted 

Starting estimate chain.
Start Chain Time: Fri Mar 22 19:28:19 2019
Estimate chain acceptance:  60.901 % accepted 
End Chain Time: Fri Mar 22 19:42:17 2019
