Starting Parameter Estimation
Input parameter file:  param-defaults/microbes-param.csv
Output parameter estimate file:  mcmc-results/microbes-1.Rda

Number of Chains:  5
Max Iterations per Chain:  150000
Burn Iterations / Estimate Iterations:  70000  /  80000

Chain 1 of  5
Start Chain Time: Fri Mar 22 21:31:41 2019
Iteration:  10000 20.63 % accepted at  Fri Mar 22 21:32:51 2019
Iteration:  20000 32.17 % accepted at  Fri Mar 22 21:34:07 2019
Iteration:  30000 32.65 % accepted at  Fri Mar 22 21:35:24 2019
Iteration:  40000 31.96 % accepted at  Fri Mar 22 21:36:41 2019
Iteration:  50000 32.39 % accepted at  Fri Mar 22 21:38:03 2019
Iteration:  60000 31.99 % accepted at  Fri Mar 22 21:39:19 2019
Iteration:  70000 32.74 % accepted at  Fri Mar 22 21:40:37 2019
Iteration:  80000 32.25 % accepted at  Fri Mar 22 21:41:52 2019
Iteration:  90000 31.97 % accepted at  Fri Mar 22 21:43:08 2019
Iteration:  1e+05 32.44 % accepted at  Fri Mar 22 21:44:25 2019
Iteration:  110000 31.53 % accepted at  Fri Mar 22 21:45:40 2019
Iteration:  120000 32.19 % accepted at  Fri Mar 22 21:46:57 2019
Iteration:  130000 31.48 % accepted at  Fri Mar 22 21:48:14 2019
Iteration:  140000 32.72 % accepted at  Fri Mar 22 21:49:31 2019
Iteration:  150000 31.98 % accepted at  Fri Mar 22 21:50:48 2019

Max LL of chain:  -305.492

Parameter values:
Parameter Estimated CurrentValue Knob
soilRespMoistEffect	FALSE	1	1
baseMicrobeResp	TRUE	0.024	0.001
efficiency	TRUE	0.016	0.153
maxIngestionRate	TRUE	29.826	0.007
halfSatIngestion	TRUE	0	0

End Chain Time: Fri Mar 22 21:50:48 2019
***********************
Chain 2 of  5
Start Chain Time: Fri Mar 22 21:50:48 2019
Iteration:  10000 21.25 % accepted at  Fri Mar 22 21:52:02 2019
Iteration:  20000 31.44 % accepted at  Fri Mar 22 21:53:21 2019
Iteration:  30000 32.55 % accepted at  Fri Mar 22 21:54:39 2019
Iteration:  40000 32.76 % accepted at  Fri Mar 22 21:55:56 2019
Iteration:  50000 32.22 % accepted at  Fri Mar 22 21:57:14 2019
Iteration:  60000 31.95 % accepted at  Fri Mar 22 21:58:31 2019
Iteration:  70000 32.81 % accepted at  Fri Mar 22 21:59:50 2019
Iteration:  80000 32.81 % accepted at  Fri Mar 22 22:01:07 2019
Iteration:  90000 32.61 % accepted at  Fri Mar 22 22:02:24 2019
Iteration:  1e+05 32.41 % accepted at  Fri Mar 22 22:03:41 2019
Iteration:  110000 31.96 % accepted at  Fri Mar 22 22:04:56 2019
Iteration:  120000 31.61 % accepted at  Fri Mar 22 22:06:11 2019
Iteration:  130000 32.25 % accepted at  Fri Mar 22 22:07:27 2019
Iteration:  140000 32.32 % accepted at  Fri Mar 22 22:08:45 2019
Iteration:  150000 32.04 % accepted at  Fri Mar 22 22:10:02 2019

Max LL of chain:  -307.389

Parameter values:
Parameter Estimated CurrentValue Knob
soilRespMoistEffect	FALSE	1	1
baseMicrobeResp	TRUE	0.251	0.001
efficiency	TRUE	0.334	0.106
maxIngestionRate	TRUE	44.741	0.008
halfSatIngestion	TRUE	0	0

End Chain Time: Fri Mar 22 22:10:02 2019
***********************
Chain 3 of  5
Start Chain Time: Fri Mar 22 22:10:02 2019
Iteration:  10000 22.53 % accepted at  Fri Mar 22 22:11:19 2019
Iteration:  20000 31.11 % accepted at  Fri Mar 22 22:12:36 2019
Iteration:  30000 32.48 % accepted at  Fri Mar 22 22:13:53 2019
Iteration:  40000 32.79 % accepted at  Fri Mar 22 22:15:11 2019
Iteration:  50000 32.62 % accepted at  Fri Mar 22 22:16:28 2019
Iteration:  60000 32.24 % accepted at  Fri Mar 22 22:17:44 2019
Iteration:  70000 31.39 % accepted at  Fri Mar 22 22:19:01 2019
Iteration:  80000 32.34 % accepted at  Fri Mar 22 22:20:17 2019
Iteration:  90000 32.34 % accepted at  Fri Mar 22 22:21:37 2019
Iteration:  1e+05 32.74 % accepted at  Fri Mar 22 22:22:54 2019
Iteration:  110000 32.21 % accepted at  Fri Mar 22 22:24:12 2019
Iteration:  120000 32.53 % accepted at  Fri Mar 22 22:25:29 2019
Iteration:  130000 32.48 % accepted at  Fri Mar 22 22:26:44 2019
Iteration:  140000 32.35 % accepted at  Fri Mar 22 22:28:00 2019
Iteration:  150000 32.07 % accepted at  Fri Mar 22 22:29:16 2019

Max LL of chain:  -308.03

Parameter values:
Parameter Estimated CurrentValue Knob
soilRespMoistEffect	FALSE	1	1
baseMicrobeResp	TRUE	0.003	0.001
efficiency	TRUE	0.706	0.042
maxIngestionRate	TRUE	104.481	0.02
halfSatIngestion	TRUE	0	0

End Chain Time: Fri Mar 22 22:29:16 2019
***********************
Chain 4 of  5
Start Chain Time: Fri Mar 22 22:29:16 2019
Iteration:  10000 20.21 % accepted at  Fri Mar 22 22:30:28 2019
Iteration:  20000 32.49 % accepted at  Fri Mar 22 22:31:44 2019
Iteration:  30000 32.15 % accepted at  Fri Mar 22 22:32:59 2019
Iteration:  40000 32.51 % accepted at  Fri Mar 22 22:34:16 2019
Iteration:  50000 32.33 % accepted at  Fri Mar 22 22:35:32 2019
Iteration:  60000 32.53 % accepted at  Fri Mar 22 22:36:49 2019
Iteration:  70000 32.42 % accepted at  Fri Mar 22 22:38:07 2019
Iteration:  80000 31.86 % accepted at  Fri Mar 22 22:39:22 2019
Iteration:  90000 32.02 % accepted at  Fri Mar 22 22:40:37 2019
Iteration:  1e+05 32.13 % accepted at  Fri Mar 22 22:41:52 2019
Iteration:  110000 32.33 % accepted at  Fri Mar 22 22:43:08 2019
Iteration:  120000 32.43 % accepted at  Fri Mar 22 22:44:24 2019
Iteration:  130000 32.15 % accepted at  Fri Mar 22 22:45:41 2019
Iteration:  140000 32.5 % accepted at  Fri Mar 22 22:46:57 2019
Iteration:  150000 32.54 % accepted at  Fri Mar 22 22:48:14 2019

Max LL of chain:  -306.71

Parameter values:
Parameter Estimated CurrentValue Knob
soilRespMoistEffect	FALSE	1	1
baseMicrobeResp	TRUE	0.061	0.001
efficiency	TRUE	0.829	0.036
maxIngestionRate	TRUE	177.884	0.033
halfSatIngestion	TRUE	0	0

End Chain Time: Fri Mar 22 22:48:14 2019
***********************
Chain 5 of  5
Start Chain Time: Fri Mar 22 22:48:14 2019
Iteration:  10000 19.53 % accepted at  Fri Mar 22 22:49:25 2019
Iteration:  20000 32.06 % accepted at  Fri Mar 22 22:50:43 2019
Iteration:  30000 33.01 % accepted at  Fri Mar 22 22:52:01 2019
Iteration:  40000 32.39 % accepted at  Fri Mar 22 22:53:20 2019
Iteration:  50000 32.28 % accepted at  Fri Mar 22 22:54:37 2019
Iteration:  60000 32.71 % accepted at  Fri Mar 22 22:55:55 2019
Iteration:  70000 32.72 % accepted at  Fri Mar 22 22:57:15 2019
Iteration:  80000 32.53 % accepted at  Fri Mar 22 22:58:33 2019
Iteration:  90000 32.51 % accepted at  Fri Mar 22 22:59:53 2019
Iteration:  1e+05 32.23 % accepted at  Fri Mar 22 23:01:10 2019
Iteration:  110000 32.21 % accepted at  Fri Mar 22 23:02:27 2019
Iteration:  120000 32.16 % accepted at  Fri Mar 22 23:03:45 2019
Iteration:  130000 31.69 % accepted at  Fri Mar 22 23:05:00 2019
Iteration:  140000 32.27 % accepted at  Fri Mar 22 23:06:17 2019
Iteration:  150000 31.64 % accepted at  Fri Mar 22 23:07:34 2019

Max LL of chain:  -304.067

Parameter values:
Parameter Estimated CurrentValue Knob
soilRespMoistEffect	FALSE	1	1
baseMicrobeResp	TRUE	0.017	0.001
efficiency	TRUE	0.283	0.128
maxIngestionRate	TRUE	41.028	0.008
halfSatIngestion	TRUE	0	0

End Chain Time: Fri Mar 22 23:07:34 2019
***********************
Starting parameter estimation from maxLL parameters from chain:  5

Start Chain Time: Fri Mar 22 23:07:34 2019
End Chain Time: Fri Mar 22 23:18:55 2019
Burn chain acceptance:  33.511 % accepted 

Starting estimate chain.
Start Chain Time: Fri Mar 22 23:18:55 2019
Estimate chain acceptance:  33.896 % accepted 
End Chain Time: Fri Mar 22 23:34:43 2019
