Starting Parameter Estimation
Input parameter file:  param-defaults/microbes-param.csv
Output parameter estimate file:  mcmc-results/microbes-2.Rda

Number of Chains:  5
Max Iterations per Chain:  150000
Burn Iterations / Estimate Iterations:  70000  /  80000

Chain 1 of  5
Start Chain Time: Fri Mar 22 23:34:44 2019
Iteration:  10000 44.49 % accepted at  Fri Mar 22 23:35:58 2019

Max LL of chain:  -6195.945

Parameter values:
Parameter Estimated CurrentValue Knob
soilRespMoistEffect	FALSE	1	1
baseMicrobeResp	TRUE	191.206	0.019
efficiency	TRUE	0.964	0.98
maxIngestionRate	TRUE	378.994	0.97
halfSatIngestion	TRUE	80.667	0.995

End Chain Time: Fri Mar 22 23:35:58 2019
***********************
Chain 2 of  5
Start Chain Time: Fri Mar 22 23:35:58 2019
Iteration:  10000 43.91 % accepted at  Fri Mar 22 23:37:10 2019

Max LL of chain:  -20208.933

Parameter values:
Parameter Estimated CurrentValue Knob
soilRespMoistEffect	FALSE	1	1
baseMicrobeResp	TRUE	188.958	0.017
efficiency	TRUE	0.904	0.965
maxIngestionRate	TRUE	126.561	0.99
halfSatIngestion	TRUE	66.321	1

End Chain Time: Fri Mar 22 23:37:10 2019
***********************
Chain 3 of  5
Start Chain Time: Fri Mar 22 23:37:10 2019
Iteration:  10000 43.95 % accepted at  Fri Mar 22 23:38:22 2019

Max LL of chain:  -8281.559

Parameter values:
Parameter Estimated CurrentValue Knob
soilRespMoistEffect	FALSE	1	1
baseMicrobeResp	TRUE	190.786	0.017
efficiency	TRUE	0.643	1
maxIngestionRate	TRUE	38.494	1
halfSatIngestion	TRUE	93.704	0.985

End Chain Time: Fri Mar 22 23:38:22 2019
***********************
Chain 4 of  5
Start Chain Time: Fri Mar 22 23:38:22 2019
Iteration:  10000 44.64 % accepted at  Fri Mar 22 23:39:33 2019

Max LL of chain:  -5831.3

Parameter values:
Parameter Estimated CurrentValue Knob
soilRespMoistEffect	FALSE	1	1
baseMicrobeResp	TRUE	198.322	0.021
efficiency	TRUE	0.969	0.98
maxIngestionRate	TRUE	173.042	0.961
halfSatIngestion	TRUE	53.866	1

End Chain Time: Fri Mar 22 23:39:33 2019
***********************
Chain 5 of  5
Start Chain Time: Fri Mar 22 23:39:33 2019
Iteration:  10000 43.53 % accepted at  Fri Mar 22 23:40:46 2019

Max LL of chain:  -14640.86

Parameter values:
Parameter Estimated CurrentValue Knob
soilRespMoistEffect	FALSE	1	1
baseMicrobeResp	TRUE	189.561	0.017
efficiency	TRUE	0.889	0.86
maxIngestionRate	TRUE	746.759	1
halfSatIngestion	TRUE	35.446	1

End Chain Time: Fri Mar 22 23:40:46 2019
***********************
Starting parameter estimation from maxLL parameters from chain:  4

Start Chain Time: Fri Mar 22 23:40:46 2019
End Chain Time: Fri Mar 22 23:52:22 2019
Burn chain acceptance:  45.213 % accepted 

Starting estimate chain.
Start Chain Time: Fri Mar 22 23:52:22 2019
Estimate chain acceptance:  45.24 % accepted 
End Chain Time: Sat Mar 23 00:11:01 2019
