Starting Parameter Estimation
Input parameter file:  param-defaults/microbes-param.csv
Output parameter estimate file:  mcmc-results/microbes-4.Rda

Number of Chains:  5
Max Iterations per Chain:  150000
Burn Iterations / Estimate Iterations:  70000  /  80000

Chain 1 of  5
Start Chain Time: Sat Mar 23 02:13:42 2019
Iteration:  10000 21.88 % accepted at  Sat Mar 23 02:14:59 2019
Iteration:  20000 32.45 % accepted at  Sat Mar 23 02:16:14 2019
Iteration:  30000 32.62 % accepted at  Sat Mar 23 02:17:30 2019
Iteration:  40000 32.78 % accepted at  Sat Mar 23 02:18:47 2019
Iteration:  50000 33.25 % accepted at  Sat Mar 23 02:20:04 2019
Iteration:  60000 32.91 % accepted at  Sat Mar 23 02:21:23 2019
Iteration:  70000 32.26 % accepted at  Sat Mar 23 02:22:38 2019
Iteration:  80000 32.13 % accepted at  Sat Mar 23 02:23:52 2019
Iteration:  90000 31.77 % accepted at  Sat Mar 23 02:25:05 2019
Iteration:  1e+05 32.44 % accepted at  Sat Mar 23 02:26:20 2019
Iteration:  110000 32.43 % accepted at  Sat Mar 23 02:27:36 2019
Iteration:  120000 32.51 % accepted at  Sat Mar 23 02:28:54 2019
Iteration:  130000 32.41 % accepted at  Sat Mar 23 02:30:09 2019
Iteration:  140000 32.7 % accepted at  Sat Mar 23 02:31:26 2019
Iteration:  150000 32.62 % accepted at  Sat Mar 23 02:32:42 2019

Max LL of chain:  -1806.651

Parameter values:
Parameter Estimated CurrentValue Knob
soilRespMoistEffect	FALSE	1	1
baseMicrobeResp	TRUE	0.01	0.001
efficiency	TRUE	0.904	0.007
maxIngestionRate	TRUE	485.336	0.036
halfSatIngestion	TRUE	0.001	0

End Chain Time: Sat Mar 23 02:32:42 2019
***********************
Chain 2 of  5
Start Chain Time: Sat Mar 23 02:32:42 2019
Iteration:  10000 22.02 % accepted at  Sat Mar 23 02:33:56 2019
Iteration:  20000 32.58 % accepted at  Sat Mar 23 02:35:12 2019
Iteration:  30000 32.58 % accepted at  Sat Mar 23 02:36:26 2019
Iteration:  40000 32.61 % accepted at  Sat Mar 23 02:37:41 2019
Iteration:  50000 32.46 % accepted at  Sat Mar 23 02:38:56 2019
Iteration:  60000 33.15 % accepted at  Sat Mar 23 02:40:13 2019
Iteration:  70000 32.59 % accepted at  Sat Mar 23 02:41:27 2019
Iteration:  80000 33.08 % accepted at  Sat Mar 23 02:42:43 2019
Iteration:  90000 32.32 % accepted at  Sat Mar 23 02:43:57 2019
Iteration:  1e+05 32.94 % accepted at  Sat Mar 23 02:45:13 2019
Iteration:  110000 33.07 % accepted at  Sat Mar 23 02:46:29 2019
Iteration:  120000 32.54 % accepted at  Sat Mar 23 02:47:44 2019
Iteration:  130000 33.08 % accepted at  Sat Mar 23 02:49:00 2019
Iteration:  140000 32.61 % accepted at  Sat Mar 23 02:50:15 2019
Iteration:  150000 32.1 % accepted at  Sat Mar 23 02:51:31 2019

Max LL of chain:  -1807.299

Parameter values:
Parameter Estimated CurrentValue Knob
soilRespMoistEffect	FALSE	1	1
baseMicrobeResp	TRUE	0.04	0
efficiency	TRUE	0.641	0.027
maxIngestionRate	TRUE	129.276	0.009
halfSatIngestion	TRUE	0	0

End Chain Time: Sat Mar 23 02:51:31 2019
***********************
Chain 3 of  5
Start Chain Time: Sat Mar 23 02:51:31 2019
Iteration:  10000 21.66 % accepted at  Sat Mar 23 02:52:46 2019
Iteration:  20000 33.1 % accepted at  Sat Mar 23 02:54:03 2019
Iteration:  30000 32.27 % accepted at  Sat Mar 23 02:55:18 2019
Iteration:  40000 32.94 % accepted at  Sat Mar 23 02:56:34 2019
Iteration:  50000 32.8 % accepted at  Sat Mar 23 02:57:50 2019
Iteration:  60000 32.62 % accepted at  Sat Mar 23 02:59:05 2019
Iteration:  70000 32.92 % accepted at  Sat Mar 23 03:00:20 2019
Iteration:  80000 32.83 % accepted at  Sat Mar 23 03:01:36 2019
Iteration:  90000 32.44 % accepted at  Sat Mar 23 03:02:52 2019
Iteration:  1e+05 32.75 % accepted at  Sat Mar 23 03:04:08 2019
Iteration:  110000 32.49 % accepted at  Sat Mar 23 03:05:23 2019
Iteration:  120000 32.63 % accepted at  Sat Mar 23 03:06:39 2019
Iteration:  130000 33.01 % accepted at  Sat Mar 23 03:07:54 2019
Iteration:  140000 32.95 % accepted at  Sat Mar 23 03:09:10 2019
Iteration:  150000 32.49 % accepted at  Sat Mar 23 03:10:25 2019

Max LL of chain:  -1808.113

Parameter values:
Parameter Estimated CurrentValue Knob
soilRespMoistEffect	FALSE	1	1
baseMicrobeResp	TRUE	0.121	0.001
efficiency	TRUE	0.942	0.005
maxIngestionRate	TRUE	798.807	0.051
halfSatIngestion	TRUE	0	0

End Chain Time: Sat Mar 23 03:10:25 2019
***********************
Chain 4 of  5
Start Chain Time: Sat Mar 23 03:10:25 2019
Iteration:  10000 21.7 % accepted at  Sat Mar 23 03:11:39 2019
Iteration:  20000 32.63 % accepted at  Sat Mar 23 03:12:56 2019
Iteration:  30000 32.75 % accepted at  Sat Mar 23 03:14:13 2019
Iteration:  40000 32.32 % accepted at  Sat Mar 23 03:15:29 2019
Iteration:  50000 33.08 % accepted at  Sat Mar 23 03:16:44 2019
Iteration:  60000 33.08 % accepted at  Sat Mar 23 03:18:00 2019
Iteration:  70000 32.82 % accepted at  Sat Mar 23 03:19:17 2019
Iteration:  80000 32.84 % accepted at  Sat Mar 23 03:20:33 2019
Iteration:  90000 32.91 % accepted at  Sat Mar 23 03:21:48 2019
Iteration:  1e+05 32.72 % accepted at  Sat Mar 23 03:23:06 2019
Iteration:  110000 32.95 % accepted at  Sat Mar 23 03:24:23 2019
Iteration:  120000 33.03 % accepted at  Sat Mar 23 03:25:39 2019
Iteration:  130000 32.23 % accepted at  Sat Mar 23 03:26:56 2019
Iteration:  140000 33.04 % accepted at  Sat Mar 23 03:28:12 2019
Iteration:  150000 33.12 % accepted at  Sat Mar 23 03:29:29 2019

Max LL of chain:  -1806.473

Parameter values:
Parameter Estimated CurrentValue Knob
soilRespMoistEffect	FALSE	1	1
baseMicrobeResp	TRUE	0.026	0.001
efficiency	TRUE	0.896	0.008
maxIngestionRate	TRUE	437.497	0.034
halfSatIngestion	TRUE	0	0

End Chain Time: Sat Mar 23 03:29:29 2019
***********************
Chain 5 of  5
Start Chain Time: Sat Mar 23 03:29:29 2019
Iteration:  10000 22.14 % accepted at  Sat Mar 23 03:30:44 2019
Iteration:  20000 32.86 % accepted at  Sat Mar 23 03:31:58 2019
Iteration:  30000 32.61 % accepted at  Sat Mar 23 03:33:14 2019
Iteration:  40000 32.71 % accepted at  Sat Mar 23 03:34:30 2019
Iteration:  50000 32.71 % accepted at  Sat Mar 23 03:35:45 2019
Iteration:  60000 32.38 % accepted at  Sat Mar 23 03:37:01 2019
Iteration:  70000 32.88 % accepted at  Sat Mar 23 03:38:17 2019
Iteration:  80000 33.01 % accepted at  Sat Mar 23 03:39:33 2019
Iteration:  90000 32.82 % accepted at  Sat Mar 23 03:40:48 2019
Iteration:  1e+05 32.57 % accepted at  Sat Mar 23 03:42:04 2019
Iteration:  110000 32.98 % accepted at  Sat Mar 23 03:43:21 2019
Iteration:  120000 33.02 % accepted at  Sat Mar 23 03:44:37 2019
Iteration:  130000 32.48 % accepted at  Sat Mar 23 03:45:52 2019
Iteration:  140000 32.71 % accepted at  Sat Mar 23 03:47:08 2019
Iteration:  150000 32.92 % accepted at  Sat Mar 23 03:48:23 2019

Max LL of chain:  -1805.836

Parameter values:
Parameter Estimated CurrentValue Knob
soilRespMoistEffect	FALSE	1	1
baseMicrobeResp	TRUE	0.034	0
efficiency	TRUE	0.827	0.015
maxIngestionRate	TRUE	271.748	0.024
halfSatIngestion	TRUE	0	0

End Chain Time: Sat Mar 23 03:48:23 2019
***********************
Starting parameter estimation from maxLL parameters from chain:  5

Start Chain Time: Sat Mar 23 03:48:23 2019
End Chain Time: Sat Mar 23 03:59:38 2019
Burn chain acceptance:  34.08 % accepted 

Starting estimate chain.
Start Chain Time: Sat Mar 23 03:59:38 2019
Estimate chain acceptance:  35.485 % accepted 
End Chain Time: Sat Mar 23 04:15:26 2019
