Starting Parameter Estimation
Input parameter file:  param-defaults/microbes-param.csv
Output parameter estimate file:  mcmc-results/microbes-3.Rda

Number of Chains:  5
Max Iterations per Chain:  150000
Burn Iterations / Estimate Iterations:  70000  /  80000

Chain 1 of  5
Start Chain Time: Sat Mar 23 00:11:01 2019
Iteration:  10000 26.85 % accepted at  Sat Mar 23 00:12:29 2019
Iteration:  20000 31.23 % accepted at  Sat Mar 23 00:13:49 2019
Iteration:  30000 32.06 % accepted at  Sat Mar 23 00:15:06 2019
Iteration:  40000 32.34 % accepted at  Sat Mar 23 00:16:24 2019
Iteration:  50000 32.57 % accepted at  Sat Mar 23 00:17:39 2019
Iteration:  60000 33.14 % accepted at  Sat Mar 23 00:18:56 2019
Iteration:  70000 32.35 % accepted at  Sat Mar 23 00:20:12 2019
Iteration:  80000 32.78 % accepted at  Sat Mar 23 00:21:30 2019
Iteration:  90000 32.3 % accepted at  Sat Mar 23 00:22:47 2019
Iteration:  1e+05 33 % accepted at  Sat Mar 23 00:24:04 2019
Iteration:  110000 32.45 % accepted at  Sat Mar 23 00:25:22 2019
Iteration:  120000 32.62 % accepted at  Sat Mar 23 00:26:40 2019
Iteration:  130000 32.67 % accepted at  Sat Mar 23 00:27:58 2019
Iteration:  140000 32.76 % accepted at  Sat Mar 23 00:29:16 2019
Iteration:  150000 32.66 % accepted at  Sat Mar 23 00:30:34 2019

Max LL of chain:  -293.404

Parameter values:
Parameter Estimated CurrentValue Knob
soilRespMoistEffect	FALSE	1	1
baseMicrobeResp	TRUE	0.539	0.002
efficiency	TRUE	0.43	0.071
maxIngestionRate	TRUE	91.773	0.016
halfSatIngestion	TRUE	0	0

End Chain Time: Sat Mar 23 00:30:34 2019
***********************
Chain 2 of  5
Start Chain Time: Sat Mar 23 00:30:34 2019
Iteration:  10000 24.85 % accepted at  Sat Mar 23 00:31:54 2019
Iteration:  20000 32.44 % accepted at  Sat Mar 23 00:33:12 2019
Iteration:  30000 32 % accepted at  Sat Mar 23 00:34:30 2019
Iteration:  40000 32.94 % accepted at  Sat Mar 23 00:35:48 2019
Iteration:  50000 32.45 % accepted at  Sat Mar 23 00:37:06 2019
Iteration:  60000 32.37 % accepted at  Sat Mar 23 00:38:23 2019
Iteration:  70000 32.73 % accepted at  Sat Mar 23 00:39:40 2019
Iteration:  80000 32.63 % accepted at  Sat Mar 23 00:40:56 2019
Iteration:  90000 32.54 % accepted at  Sat Mar 23 00:42:14 2019
Iteration:  1e+05 32.86 % accepted at  Sat Mar 23 00:43:28 2019
Iteration:  110000 32.58 % accepted at  Sat Mar 23 00:44:44 2019
Iteration:  120000 32.76 % accepted at  Sat Mar 23 00:45:58 2019
Iteration:  130000 32.91 % accepted at  Sat Mar 23 00:47:13 2019
Iteration:  140000 32.77 % accepted at  Sat Mar 23 00:48:31 2019
Iteration:  150000 32.5 % accepted at  Sat Mar 23 00:49:46 2019

Max LL of chain:  -292.214

Parameter values:
Parameter Estimated CurrentValue Knob
soilRespMoistEffect	FALSE	1	1
baseMicrobeResp	TRUE	0.131	0.002
efficiency	TRUE	0.619	0.039
maxIngestionRate	TRUE	143.48	0.023
halfSatIngestion	TRUE	0	0

End Chain Time: Sat Mar 23 00:49:46 2019
***********************
Chain 3 of  5
Start Chain Time: Sat Mar 23 00:49:46 2019
Iteration:  10000 24.93 % accepted at  Sat Mar 23 00:51:04 2019
Iteration:  20000 31.83 % accepted at  Sat Mar 23 00:52:18 2019
Iteration:  30000 32.29 % accepted at  Sat Mar 23 00:53:34 2019
Iteration:  40000 32.49 % accepted at  Sat Mar 23 00:54:48 2019
Iteration:  50000 32.76 % accepted at  Sat Mar 23 00:56:03 2019
Iteration:  60000 32.77 % accepted at  Sat Mar 23 00:57:17 2019
Iteration:  70000 32.27 % accepted at  Sat Mar 23 00:58:32 2019
Iteration:  80000 33.02 % accepted at  Sat Mar 23 00:59:48 2019
Iteration:  90000 32.33 % accepted at  Sat Mar 23 01:01:03 2019
Iteration:  1e+05 32.54 % accepted at  Sat Mar 23 01:02:17 2019
Iteration:  110000 32.6 % accepted at  Sat Mar 23 01:03:33 2019
Iteration:  120000 33.18 % accepted at  Sat Mar 23 01:04:50 2019
Iteration:  130000 32.43 % accepted at  Sat Mar 23 01:06:05 2019
Iteration:  140000 32.24 % accepted at  Sat Mar 23 01:07:19 2019
Iteration:  150000 32.96 % accepted at  Sat Mar 23 01:08:36 2019

Max LL of chain:  -296.71

Parameter values:
Parameter Estimated CurrentValue Knob
soilRespMoistEffect	FALSE	1	1
baseMicrobeResp	TRUE	0.002	0.002
efficiency	TRUE	0.56	0.059
maxIngestionRate	TRUE	123.078	0.016
halfSatIngestion	TRUE	0	0

End Chain Time: Sat Mar 23 01:08:36 2019
***********************
Chain 4 of  5
Start Chain Time: Sat Mar 23 01:08:36 2019
Iteration:  10000 24.1 % accepted at  Sat Mar 23 01:09:55 2019
Iteration:  20000 32.22 % accepted at  Sat Mar 23 01:11:12 2019
Iteration:  30000 31.89 % accepted at  Sat Mar 23 01:12:28 2019
Iteration:  40000 32.62 % accepted at  Sat Mar 23 01:13:45 2019
Iteration:  50000 32.78 % accepted at  Sat Mar 23 01:15:01 2019
Iteration:  60000 32.57 % accepted at  Sat Mar 23 01:16:18 2019
Iteration:  70000 32.49 % accepted at  Sat Mar 23 01:17:34 2019
Iteration:  80000 32.2 % accepted at  Sat Mar 23 01:18:51 2019
Iteration:  90000 32.23 % accepted at  Sat Mar 23 01:20:06 2019
Iteration:  1e+05 32.18 % accepted at  Sat Mar 23 01:21:20 2019
Iteration:  110000 32.69 % accepted at  Sat Mar 23 01:22:36 2019
Iteration:  120000 32.95 % accepted at  Sat Mar 23 01:23:53 2019
Iteration:  130000 32.43 % accepted at  Sat Mar 23 01:25:09 2019
Iteration:  140000 32.59 % accepted at  Sat Mar 23 01:26:23 2019
Iteration:  150000 31.65 % accepted at  Sat Mar 23 01:27:36 2019

Max LL of chain:  -299.561

Parameter values:
Parameter Estimated CurrentValue Knob
soilRespMoistEffect	FALSE	1	1
baseMicrobeResp	TRUE	0.03	0.003
efficiency	TRUE	0.125	0.121
maxIngestionRate	TRUE	63.799	0.007
halfSatIngestion	TRUE	0	0

End Chain Time: Sat Mar 23 01:27:36 2019
***********************
Chain 5 of  5
Start Chain Time: Sat Mar 23 01:27:36 2019
Iteration:  10000 24.62 % accepted at  Sat Mar 23 01:28:54 2019
Iteration:  20000 32.16 % accepted at  Sat Mar 23 01:30:10 2019
Iteration:  30000 32.6 % accepted at  Sat Mar 23 01:31:25 2019
Iteration:  40000 32.63 % accepted at  Sat Mar 23 01:32:41 2019
Iteration:  50000 32.8 % accepted at  Sat Mar 23 01:33:58 2019
Iteration:  60000 32.4 % accepted at  Sat Mar 23 01:35:14 2019
Iteration:  70000 32.79 % accepted at  Sat Mar 23 01:36:31 2019
Iteration:  80000 32.75 % accepted at  Sat Mar 23 01:37:48 2019
Iteration:  90000 32.93 % accepted at  Sat Mar 23 01:39:05 2019
Iteration:  1e+05 31.77 % accepted at  Sat Mar 23 01:40:19 2019
Iteration:  110000 32.75 % accepted at  Sat Mar 23 01:41:35 2019
Iteration:  120000 32.73 % accepted at  Sat Mar 23 01:42:51 2019
Iteration:  130000 32.1 % accepted at  Sat Mar 23 01:44:07 2019
Iteration:  140000 32.57 % accepted at  Sat Mar 23 01:45:22 2019
Iteration:  150000 32.31 % accepted at  Sat Mar 23 01:46:36 2019

Max LL of chain:  -294.511

Parameter values:
Parameter Estimated CurrentValue Knob
soilRespMoistEffect	FALSE	1	1
baseMicrobeResp	TRUE	0.079	0.002
efficiency	TRUE	0.934	0.009
maxIngestionRate	TRUE	860.917	0.115
halfSatIngestion	TRUE	0	0

End Chain Time: Sat Mar 23 01:46:36 2019
***********************
Starting parameter estimation from maxLL parameters from chain:  2

Start Chain Time: Sat Mar 23 01:46:36 2019
End Chain Time: Sat Mar 23 01:57:49 2019
Burn chain acceptance:  34.387 % accepted 

Starting estimate chain.
Start Chain Time: Sat Mar 23 01:57:49 2019
Estimate chain acceptance:  34.594 % accepted 
End Chain Time: Sat Mar 23 02:13:41 2019
